{"level":"info","message":"✅ MongoDB connected","timestamp":"2026-01-29 15:44:11"}
{"level":"info","message":"API listening on http://localhost:3000","timestamp":"2026-01-29 15:44:11"}
{"level":"info","message":"Health: http://localhost:3000/health","timestamp":"2026-01-29 15:44:11"}
{"level":"info","message":"{\"method\":\"GET\",\"url\":\"/health\",\"status\":\"200\",\"responseTime\":\"4.734ms\",\"userAgent\":\"Mozilla/5.0 (Windows NT 10.0; Win64; x64) AppleWebKit/537.36 (KHTML, like Gecko) Chrome/144.0.0.0 Safari/537.36\"}","timestamp":"2026-01-29 15:44:41"}
{"level":"info","message":"{\"method\":\"GET\",\"url\":\"/favicon.ico\",\"status\":\"404\",\"responseTime\":\"2.489ms\",\"userAgent\":\"Mozilla/5.0 (Windows NT 10.0; Win64; x64) AppleWebKit/537.36 (KHTML, like Gecko) Chrome/144.0.0.0 Safari/537.36\"}","timestamp":"2026-01-29 15:44:41"}
{"level":"info","message":"{\"method\":\"GET\",\"url\":\"/health\",\"status\":\"200\",\"responseTime\":\"1.022ms\",\"userAgent\":\"Mozilla/5.0 (Windows NT 10.0; Win64; x64) AppleWebKit/537.36 (KHTML, like Gecko) Chrome/144.0.0.0 Safari/537.36\"}","timestamp":"2026-01-29 15:44:49"}
{"level":"info","message":"{\"method\":\"GET\",\"url\":\"/health\",\"status\":\"200\",\"responseTime\":\"0.737ms\",\"userAgent\":\"Mozilla/5.0 (Windows NT 10.0; Win64; x64) AppleWebKit/537.36 (KHTML, like Gecko) Chrome/144.0.0.0 Safari/537.36\"}","timestamp":"2026-01-29 15:52:26"}
{"level":"info","message":"\nReceived SIGINT. Shutting down gracefully...","timestamp":"2026-01-29 17:30:35"}
{"level":"info","message":"✅ MongoDB connected","timestamp":"2026-01-29 21:31:20"}
{"level":"info","message":"API listening on http://localhost:3000","timestamp":"2026-01-29 21:31:20"}
{"level":"info","message":"Health: http://localhost:3000/health","timestamp":"2026-01-29 21:31:20"}
{"level":"info","message":"{\"method\":\"GET\",\"url\":\"/health\",\"status\":\"200\",\"responseTime\":\"4.304ms\",\"userAgent\":\"Mozilla/5.0 (Windows NT 10.0; Win64; x64) AppleWebKit/537.36 (KHTML, like Gecko) Chrome/144.0.0.0 Safari/537.36\"}","timestamp":"2026-01-29 21:35:19"}
{"level":"info","message":"{\"method\":\"GET\",\"url\":\"/kyc/me\",\"status\":\"401\",\"responseTime\":\"1.332ms\",\"userAgent\":\"PostmanRuntime/7.51.0\"}","timestamp":"2026-01-29 21:36:38"}
{"level":"info","message":"{\"method\":\"POST\",\"url\":\"/auth/register\",\"status\":\"404\",\"responseTime\":\"0.770ms\",\"userAgent\":\"PostmanRuntime/7.51.0\"}","timestamp":"2026-01-29 21:41:19"}
{"level":"info","message":"{\"method\":\"POST\",\"url\":\"/register\",\"status\":\"201\",\"responseTime\":\"644.681ms\",\"userAgent\":\"PostmanRuntime/7.51.0\"}","timestamp":"2026-01-29 21:41:49"}
{"level":"info","message":"{\"method\":\"GET\",\"url\":\"/me\",\"status\":\"200\",\"responseTime\":\"13.639ms\",\"userAgent\":\"PostmanRuntime/7.51.0\"}","timestamp":"2026-01-29 21:42:59"}
{"level":"info","message":"{\"method\":\"GET\",\"url\":\"/me\",\"status\":\"401\",\"responseTime\":\"0.953ms\",\"userAgent\":\"PostmanRuntime/7.51.0\"}","timestamp":"2026-01-29 21:43:16"}
{"level":"info","message":"{\"method\":\"GET\",\"url\":\"/me\",\"status\":\"200\",\"responseTime\":\"4.688ms\",\"userAgent\":\"PostmanRuntime/7.51.0\"}","timestamp":"2026-01-29 21:43:20"}
{"level":"info","message":"{\"method\":\"POST\",\"url\":\"/login\",\"status\":\"200\",\"responseTime\":\"431.566ms\",\"userAgent\":\"PostmanRuntime/7.51.0\"}","timestamp":"2026-01-29 21:45:24"}
{"level":"info","message":"{\"method\":\"GET\",\"url\":\"/me\",\"status\":\"200\",\"responseTime\":\"5.104ms\",\"userAgent\":\"PostmanRuntime/7.51.0\"}","timestamp":"2026-01-29 21:45:37"}
{"level":"info","message":"{\"method\":\"POST\",\"url\":\"/login\",\"status\":\"401\",\"responseTime\":\"456.987ms\",\"userAgent\":\"PostmanRuntime/7.51.0\"}","timestamp":"2026-01-29 21:45:48"}
{"body":"{\r\n\"email\":\"imanchesebastian@gmail.com\",\r\n}","expose":true,"level":"error","message":"Unhandled error: Expected double-quoted property name in JSON at position 42 (line 3 column 1)","stack":"SyntaxError: Expected double-quoted property name in JSON at position 42 (line 3 column 1)\n    at JSON.parse (<anonymous>)\n    at parse (/mnt/c/Users/user/Documents/credpal-assessment/backend/node_modules/body-parser/lib/types/json.js:72:19)\n    at /mnt/c/Users/user/Documents/credpal-assessment/backend/node_modules/body-parser/lib/read.js:162:18\n    at AsyncResource.runInAsyncScope (node:async_hooks:214:14)\n    at invokeCallback (/mnt/c/Users/user/Documents/credpal-assessment/backend/node_modules/raw-body/index.js:238:16)\n    at done (/mnt/c/Users/user/Documents/credpal-assessment/backend/node_modules/raw-body/index.js:227:7)\n    at IncomingMessage.onEnd (/mnt/c/Users/user/Documents/credpal-assessment/backend/node_modules/raw-body/index.js:287:7)\n    at IncomingMessage.emit (node:events:508:28)\n    at endReadableNT (node:internal/streams/readable:1701:12)\n    at processTicksAndRejections (node:internal/process/task_queues:89:21)","status":400,"statusCode":400,"timestamp":"2026-01-29 21:46:12","type":"entity.parse.failed"}
{"level":"info","message":"{\"method\":\"POST\",\"url\":\"/register\",\"status\":\"400\",\"responseTime\":\"4.070ms\",\"userAgent\":\"PostmanRuntime/7.51.0\"}","timestamp":"2026-01-29 21:52:13"}
{"level":"info","message":"{\"method\":\"POST\",\"url\":\"/register\",\"status\":\"400\",\"responseTime\":\"1.995ms\",\"userAgent\":\"PostmanRuntime/7.51.0\"}","timestamp":"2026-01-29 21:54:28"}
{"body":"{\r\n\"email\":\"imanchesebastian@gmail.com\",\r\n}","expose":true,"level":"error","message":"Unhandled error: Expected double-quoted property name in JSON at position 42 (line 3 column 1)","stack":"SyntaxError: Expected double-quoted property name in JSON at position 42 (line 3 column 1)\n    at JSON.parse (<anonymous>)\n    at parse (/mnt/c/Users/user/Documents/credpal-assessment/backend/node_modules/body-parser/lib/types/json.js:72:19)\n    at /mnt/c/Users/user/Documents/credpal-assessment/backend/node_modules/body-parser/lib/read.js:162:18\n    at AsyncResource.runInAsyncScope (node:async_hooks:214:14)\n    at invokeCallback (/mnt/c/Users/user/Documents/credpal-assessment/backend/node_modules/raw-body/index.js:238:16)\n    at done (/mnt/c/Users/user/Documents/credpal-assessment/backend/node_modules/raw-body/index.js:227:7)\n    at IncomingMessage.onEnd (/mnt/c/Users/user/Documents/credpal-assessment/backend/node_modules/raw-body/index.js:287:7)\n    at IncomingMessage.emit (node:events:508:28)\n    at endReadableNT (node:internal/streams/readable:1701:12)\n    at processTicksAndRejections (node:internal/process/task_queues:89:21)","status":400,"statusCode":400,"timestamp":"2026-01-29 21:54:35","type":"entity.parse.failed"}
{"level":"info","message":"{\"method\":\"POST\",\"url\":\"/register\",\"status\":\"400\",\"responseTime\":\"0.554ms\",\"userAgent\":\"PostmanRuntime/7.51.0\"}","timestamp":"2026-01-29 21:54:39"}
{"level":"info","message":"\nReceived SIGINT. Shutting down gracefully...","timestamp":"2026-01-29 21:54:56"}
{"level":"info","message":"✅ MongoDB connected","timestamp":"2026-01-29 21:55:57"}
{"level":"info","message":"API listening on http://localhost:3000","timestamp":"2026-01-29 21:55:57"}
{"level":"info","message":"Health: http://localhost:3000/health","timestamp":"2026-01-29 21:55:57"}
{"level":"info","message":"{\"method\":\"POST\",\"url\":\"/register\",\"status\":\"400\",\"responseTime\":\"7.312ms\",\"userAgent\":\"PostmanRuntime/7.51.0\"}","timestamp":"2026-01-29 21:56:19"}
{"level":"info","message":"{\"method\":\"POST\",\"url\":\"/register\",\"status\":\"400\",\"responseTime\":\"2.444ms\",\"userAgent\":\"PostmanRuntime/7.51.0\"}","timestamp":"2026-01-29 21:58:23"}
{"level":"info","message":"\nReceived SIGINT. Shutting down gracefully...","timestamp":"2026-01-29 21:58:25"}
{"level":"info","message":"✅ MongoDB connected","timestamp":"2026-01-29 21:59:23"}
{"level":"info","message":"API listening on http://localhost:3000","timestamp":"2026-01-29 21:59:23"}
{"level":"info","message":"Health: http://localhost:3000/health","timestamp":"2026-01-29 21:59:23"}
{"level":"info","message":"\nReceived SIGINT. Shutting down gracefully...","timestamp":"2026-01-29 22:00:53"}
{"level":"info","message":"✅ MongoDB connected","timestamp":"2026-01-29 22:01:47"}
{"level":"info","message":"API listening on http://localhost:3000","timestamp":"2026-01-29 22:01:47"}
{"level":"info","message":"Health: http://localhost:3000/health","timestamp":"2026-01-29 22:01:47"}
{"level":"info","message":"{\"method\":\"POST\",\"url\":\"/register\",\"status\":\"400\",\"responseTime\":\"6.520ms\",\"userAgent\":\"PostmanRuntime/7.51.0\"}","timestamp":"2026-01-29 22:01:54"}
{"level":"info","message":"{\"method\":\"POST\",\"url\":\"/register\",\"status\":\"400\",\"responseTime\":\"1.297ms\",\"userAgent\":\"PostmanRuntime/7.51.0\"}","timestamp":"2026-01-29 22:02:12"}
{"level":"info","message":"{\"method\":\"POST\",\"url\":\"/login\",\"status\":\"200\",\"responseTime\":\"471.339ms\",\"userAgent\":\"PostmanRuntime/7.51.0\"}","timestamp":"2026-01-29 22:02:30"}
{"level":"info","message":"{\"method\":\"GET\",\"url\":\"/me\",\"status\":\"200\",\"responseTime\":\"34.195ms\",\"userAgent\":\"PostmanRuntime/7.51.0\"}","timestamp":"2026-01-29 22:02:38"}
{"level":"info","message":"{\"method\":\"GET\",\"url\":\"/kyc/me\",\"status\":\"200\",\"responseTime\":\"6.723ms\",\"userAgent\":\"PostmanRuntime/7.51.0\"}","timestamp":"2026-01-29 22:04:16"}
{"level":"info","message":"{\"method\":\"PATCH\",\"url\":\"/kyc/me\",\"status\":\"200\",\"responseTime\":\"137.917ms\",\"userAgent\":\"PostmanRuntime/7.51.0\"}","timestamp":"2026-01-29 22:10:26"}
{"level":"info","message":"{\"method\":\"POST\",\"url\":\"/kyc/submit\",\"status\":\"404\",\"responseTime\":\"0.569ms\",\"userAgent\":\"PostmanRuntime/7.51.0\"}","timestamp":"2026-01-29 22:12:47"}
{"level":"info","message":"{\"method\":\"POST\",\"url\":\"/kyc/me/submit\",\"status\":\"401\",\"responseTime\":\"1.566ms\",\"userAgent\":\"PostmanRuntime/7.51.0\"}","timestamp":"2026-01-29 22:13:04"}
{"code":20,"codeName":"IllegalOperation","errorLabelSet":{},"errorResponse":{"code":20,"codeName":"IllegalOperation","errmsg":"Transaction numbers are only allowed on a replica set member or mongos","ok":0},"level":"error","message":"Unhandled error: Transaction numbers are only allowed on a replica set member or mongos","ok":0,"stack":"MongoServerError: Transaction numbers are only allowed on a replica set member or mongos\n    at Connection.sendCommand (/mnt/c/Users/user/Documents/credpal-assessment/backend/node_modules/mongodb/src/cmap/connection.ts:557:17)\n    at processTicksAndRejections (node:internal/process/task_queues:103:5)\n    at Connection.command (/mnt/c/Users/user/Documents/credpal-assessment/backend/node_modules/mongodb/src/cmap/connection.ts:627:22)\n    at Server.command (/mnt/c/Users/user/Documents/credpal-assessment/backend/node_modules/mongodb/src/sdam/server.ts:350:21)\n    at tryOperation (/mnt/c/Users/user/Documents/credpal-assessment/backend/node_modules/mongodb/src/operations/execute_operation.ts:293:24)\n    at executeOperation (/mnt/c/Users/user/Documents/credpal-assessment/backend/node_modules/mongodb/src/operations/execute_operation.ts:123:12)\n    at FindCursor._initialize (/mnt/c/Users/user/Documents/credpal-assessment/backend/node_modules/mongodb/src/cursor/find_cursor.ts:92:22)\n    at FindCursor.cursorInit (/mnt/c/Users/user/Documents/credpal-assessment/backend/node_modules/mongodb/src/cursor/abstract_cursor.ts:917:21)\n    at FindCursor.fetchBatch (/mnt/c/Users/user/Documents/credpal-assessment/backend/node_modules/mongodb/src/cursor/abstract_cursor.ts:955:7)\n    at FindCursor.next (/mnt/c/Users/user/Documents/credpal-assessment/backend/node_modules/mongodb/src/cursor/abstract_cursor.ts:573:9)","timestamp":"2026-01-29 22:13:44"}
{"level":"info","message":"{\"method\":\"POST\",\"url\":\"/kyc/me/submit\",\"status\":\"500\",\"responseTime\":\"187.045ms\",\"userAgent\":\"PostmanRuntime/7.51.0\"}","timestamp":"2026-01-29 22:13:44"}
{"level":"info","message":"\nReceived SIGINT. Shutting down gracefully...","timestamp":"2026-01-29 22:34:50"}
{"level":"info","message":"HTTP server closed.","timestamp":"2026-01-29 22:34:50"}
{"level":"info","message":"MongoDB connection closed.","timestamp":"2026-01-29 22:34:50"}
{"cause":{"commonWireVersion":0,"compatible":true,"heartbeatFrequencyMS":10000,"localThresholdMS":15,"logicalSessionTimeoutMinutes":null,"maxElectionId":{"$oid":"7fffffff0000000000000001"},"maxSetVersion":1,"servers":{"8485af921918:27017":{"$clusterTime":null,"address":"8485af921918:27017","arbiters":[],"electionId":null,"error":{"beforeHandshake":false,"errorLabelSet":{}},"hosts":[],"iscryptd":false,"lastUpdateTime":37431533,"lastWriteDate":0,"logicalSessionTimeoutMinutes":null,"maxBsonObjectSize":null,"maxMessageSizeBytes":null,"maxWireVersion":0,"maxWriteBatchSize":null,"me":null,"minRoundTripTime":0,"minWireVersion":0,"passives":[],"primary":null,"roundTripTime":-1,"setName":null,"setVersion":null,"tags":{},"topologyVersion":null,"type":"Unknown"}},"setName":"rs0","stale":false,"type":"ReplicaSetNoPrimary"},"errorLabelSet":{},"level":"error","message":"Failed to bootstrap the server: getaddrinfo EAI_AGAIN 8485af921918","reason":{"commonWireVersion":0,"compatible":true,"heartbeatFrequencyMS":10000,"localThresholdMS":15,"logicalSessionTimeoutMinutes":null,"maxElectionId":{"$oid":"7fffffff0000000000000001"},"maxSetVersion":1,"servers":{"8485af921918:27017":{"$clusterTime":null,"address":"8485af921918:27017","arbiters":[],"electionId":null,"error":{"beforeHandshake":false,"errorLabelSet":{}},"hosts":[],"iscryptd":false,"lastUpdateTime":37431533,"lastWriteDate":0,"logicalSessionTimeoutMinutes":null,"maxBsonObjectSize":null,"maxMessageSizeBytes":null,"maxWireVersion":0,"maxWriteBatchSize":null,"me":null,"minRoundTripTime":0,"minWireVersion":0,"passives":[],"primary":null,"roundTripTime":-1,"setName":null,"setVersion":null,"tags":{},"topologyVersion":null,"type":"Unknown"}},"setName":"rs0","stale":false,"type":"ReplicaSetNoPrimary"},"stack":"MongooseServerSelectionError: getaddrinfo EAI_AGAIN 8485af921918\n    at _handleConnectionErrors (/mnt/c/Users/user/Documents/credpal-assessment/backend/node_modules/mongoose/lib/connection.js:1169:11)\n    at NativeConnection.openUri (/mnt/c/Users/user/Documents/credpal-assessment/backend/node_modules/mongoose/lib/connection.js:1100:11)\n    at connectDB (/mnt/c/Users/user/Documents/credpal-assessment/backend/src/config/db.ts:10:3)\n    at bootstrap (/mnt/c/Users/user/Documents/credpal-assessment/backend/src/index.ts:15:3)","timestamp":"2026-01-29 22:36:20"}
{"cause":{"commonWireVersion":0,"compatible":true,"heartbeatFrequencyMS":10000,"localThresholdMS":15,"logicalSessionTimeoutMinutes":null,"maxElectionId":{"$oid":"7fffffff0000000000000001"},"maxSetVersion":1,"servers":{"8485af921918:27017":{"$clusterTime":null,"address":"8485af921918:27017","arbiters":[],"electionId":null,"error":{"beforeHandshake":false,"errorLabelSet":{}},"hosts":[],"iscryptd":false,"lastUpdateTime":37554195,"lastWriteDate":0,"logicalSessionTimeoutMinutes":null,"maxBsonObjectSize":null,"maxMessageSizeBytes":null,"maxWireVersion":0,"maxWriteBatchSize":null,"me":null,"minRoundTripTime":0,"minWireVersion":0,"passives":[],"primary":null,"roundTripTime":-1,"setName":null,"setVersion":null,"tags":{},"topologyVersion":null,"type":"Unknown"}},"setName":"rs0","stale":false,"type":"ReplicaSetNoPrimary"},"errorLabelSet":{},"level":"error","message":"Failed to bootstrap the server: getaddrinfo EAI_AGAIN 8485af921918","reason":{"commonWireVersion":0,"compatible":true,"heartbeatFrequencyMS":10000,"localThresholdMS":15,"logicalSessionTimeoutMinutes":null,"maxElectionId":{"$oid":"7fffffff0000000000000001"},"maxSetVersion":1,"servers":{"8485af921918:27017":{"$clusterTime":null,"address":"8485af921918:27017","arbiters":[],"electionId":null,"error":{"beforeHandshake":false,"errorLabelSet":{}},"hosts":[],"iscryptd":false,"lastUpdateTime":37554195,"lastWriteDate":0,"logicalSessionTimeoutMinutes":null,"maxBsonObjectSize":null,"maxMessageSizeBytes":null,"maxWireVersion":0,"maxWriteBatchSize":null,"me":null,"minRoundTripTime":0,"minWireVersion":0,"passives":[],"primary":null,"roundTripTime":-1,"setName":null,"setVersion":null,"tags":{},"topologyVersion":null,"type":"Unknown"}},"setName":"rs0","stale":false,"type":"ReplicaSetNoPrimary"},"stack":"MongooseServerSelectionError: getaddrinfo EAI_AGAIN 8485af921918\n    at _handleConnectionErrors (/mnt/c/Users/user/Documents/credpal-assessment/backend/node_modules/mongoose/lib/connection.js:1169:11)\n    at NativeConnection.openUri (/mnt/c/Users/user/Documents/credpal-assessment/backend/node_modules/mongoose/lib/connection.js:1100:11)\n    at connectDB (/mnt/c/Users/user/Documents/credpal-assessment/backend/src/config/db.ts:10:3)\n    at bootstrap (/mnt/c/Users/user/Documents/credpal-assessment/backend/src/index.ts:15:3)","timestamp":"2026-01-29 22:38:25"}
{"cause":{"commonWireVersion":0,"compatible":true,"heartbeatFrequencyMS":10000,"localThresholdMS":15,"logicalSessionTimeoutMinutes":null,"maxElectionId":{"$oid":"7fffffff0000000000000001"},"maxSetVersion":1,"servers":{"8485af921918:27017":{"$clusterTime":null,"address":"8485af921918:27017","arbiters":[],"electionId":null,"error":{"beforeHandshake":false,"errorLabelSet":{}},"hosts":[],"iscryptd":false,"lastUpdateTime":38554463,"lastWriteDate":0,"logicalSessionTimeoutMinutes":null,"maxBsonObjectSize":null,"maxMessageSizeBytes":null,"maxWireVersion":0,"maxWriteBatchSize":null,"me":null,"minRoundTripTime":0,"minWireVersion":0,"passives":[],"primary":null,"roundTripTime":-1,"setName":null,"setVersion":null,"tags":{},"topologyVersion":null,"type":"Unknown"}},"setName":"rs0","stale":false,"type":"ReplicaSetNoPrimary"},"errorLabelSet":{},"level":"error","message":"Failed to bootstrap the server: getaddrinfo EAI_AGAIN 8485af921918","reason":{"commonWireVersion":0,"compatible":true,"heartbeatFrequencyMS":10000,"localThresholdMS":15,"logicalSessionTimeoutMinutes":null,"maxElectionId":{"$oid":"7fffffff0000000000000001"},"maxSetVersion":1,"servers":{"8485af921918:27017":{"$clusterTime":null,"address":"8485af921918:27017","arbiters":[],"electionId":null,"error":{"beforeHandshake":false,"errorLabelSet":{}},"hosts":[],"iscryptd":false,"lastUpdateTime":38554463,"lastWriteDate":0,"logicalSessionTimeoutMinutes":null,"maxBsonObjectSize":null,"maxMessageSizeBytes":null,"maxWireVersion":0,"maxWriteBatchSize":null,"me":null,"minRoundTripTime":0,"minWireVersion":0,"passives":[],"primary":null,"roundTripTime":-1,"setName":null,"setVersion":null,"tags":{},"topologyVersion":null,"type":"Unknown"}},"setName":"rs0","stale":false,"type":"ReplicaSetNoPrimary"},"stack":"MongooseServerSelectionError: getaddrinfo EAI_AGAIN 8485af921918\n    at _handleConnectionErrors (/mnt/c/Users/user/Documents/credpal-assessment/backend/node_modules/mongoose/lib/connection.js:1169:11)\n    at NativeConnection.openUri (/mnt/c/Users/user/Documents/credpal-assessment/backend/node_modules/mongoose/lib/connection.js:1100:11)\n    at connectDB (/mnt/c/Users/user/Documents/credpal-assessment/backend/src/config/db.ts:10:3)\n    at bootstrap (/mnt/c/Users/user/Documents/credpal-assessment/backend/src/index.ts:17:3)","timestamp":"2026-01-29 22:55:21"}
{"cause":{"commonWireVersion":0,"compatible":true,"heartbeatFrequencyMS":10000,"localThresholdMS":15,"logicalSessionTimeoutMinutes":null,"maxElectionId":{"$oid":"7fffffff0000000000000001"},"maxSetVersion":1,"servers":{"8485af921918:27017":{"$clusterTime":null,"address":"8485af921918:27017","arbiters":[],"electionId":null,"error":{"beforeHandshake":false,"errorLabelSet":{}},"hosts":[],"iscryptd":false,"lastUpdateTime":38764193,"lastWriteDate":0,"logicalSessionTimeoutMinutes":null,"maxBsonObjectSize":null,"maxMessageSizeBytes":null,"maxWireVersion":0,"maxWriteBatchSize":null,"me":null,"minRoundTripTime":0,"minWireVersion":0,"passives":[],"primary":null,"roundTripTime":-1,"setName":null,"setVersion":null,"tags":{},"topologyVersion":null,"type":"Unknown"}},"setName":"rs0","stale":false,"type":"ReplicaSetNoPrimary"},"errorLabelSet":{},"level":"error","message":"Failed to bootstrap the server: getaddrinfo EAI_AGAIN 8485af921918","reason":{"commonWireVersion":0,"compatible":true,"heartbeatFrequencyMS":10000,"localThresholdMS":15,"logicalSessionTimeoutMinutes":null,"maxElectionId":{"$oid":"7fffffff0000000000000001"},"maxSetVersion":1,"servers":{"8485af921918:27017":{"$clusterTime":null,"address":"8485af921918:27017","arbiters":[],"electionId":null,"error":{"beforeHandshake":false,"errorLabelSet":{}},"hosts":[],"iscryptd":false,"lastUpdateTime":38764193,"lastWriteDate":0,"logicalSessionTimeoutMinutes":null,"maxBsonObjectSize":null,"maxMessageSizeBytes":null,"maxWireVersion":0,"maxWriteBatchSize":null,"me":null,"minRoundTripTime":0,"minWireVersion":0,"passives":[],"primary":null,"roundTripTime":-1,"setName":null,"setVersion":null,"tags":{},"topologyVersion":null,"type":"Unknown"}},"setName":"rs0","stale":false,"type":"ReplicaSetNoPrimary"},"stack":"MongooseServerSelectionError: getaddrinfo EAI_AGAIN 8485af921918\n    at _handleConnectionErrors (/mnt/c/Users/user/Documents/credpal-assessment/backend/node_modules/mongoose/lib/connection.js:1169:11)\n    at NativeConnection.openUri (/mnt/c/Users/user/Documents/credpal-assessment/backend/node_modules/mongoose/lib/connection.js:1100:11)\n    at connectDB (/mnt/c/Users/user/Documents/credpal-assessment/backend/src/config/db.ts:10:3)\n    at bootstrap (/mnt/c/Users/user/Documents/credpal-assessment/backend/src/index.ts:17:3)","timestamp":"2026-01-29 22:58:52"}
{"level":"info","message":"MongoDB connected","timestamp":"2026-01-29 23:21:43"}
{"level":"info","message":"API listening on http://localhost:3000","timestamp":"2026-01-29 23:21:44"}
{"level":"info","message":"Health: http://localhost:3000/health","timestamp":"2026-01-29 23:21:44"}
{"level":"info","message":"{\"method\":\"GET\",\"url\":\"/kyc/me\",\"status\":\"401\",\"responseTime\":\"4.673ms\",\"userAgent\":\"PostmanRuntime/7.51.0\"}","timestamp":"2026-01-29 23:23:11"}
{"level":"info","message":"{\"method\":\"GET\",\"url\":\"/health\",\"status\":\"200\",\"responseTime\":\"1.949ms\",\"userAgent\":\"Mozilla/5.0 (Windows NT 10.0; Win64; x64) AppleWebKit/537.36 (KHTML, like Gecko) Chrome/144.0.0.0 Safari/537.36\"}","timestamp":"2026-01-29 23:24:43"}
{"level":"info","message":"{\"method\":\"GET\",\"url\":\"/health\",\"status\":\"200\",\"responseTime\":\"3.160ms\",\"userAgent\":\"Mozilla/5.0 (Windows NT 10.0; Win64; x64) AppleWebKit/537.36 (KHTML, like Gecko) Chrome/144.0.0.0 Safari/537.36\"}","timestamp":"2026-01-29 23:26:04"}
{"level":"info","message":"\nReceived SIGINT. Shutting down gracefully...","timestamp":"2026-01-29 23:28:15"}
{"level":"info","message":"MongoDB connected","timestamp":"2026-01-29 23:29:35"}
{"level":"info","message":"API listening on http://localhost:3000","timestamp":"2026-01-29 23:29:35"}
{"level":"info","message":"Health: http://localhost:3000/health","timestamp":"2026-01-29 23:29:35"}
{"level":"info","message":"{\"method\":\"GET\",\"url\":\"/health\",\"status\":\"200\",\"responseTime\":\"2.427ms\",\"userAgent\":\"Mozilla/5.0 (Windows NT 10.0; Win64; x64) AppleWebKit/537.36 (KHTML, like Gecko) Chrome/144.0.0.0 Safari/537.36\"}","timestamp":"2026-01-29 23:30:10"}
{"level":"info","message":"{\"method\":\"GET\",\"url\":\"/me\",\"status\":\"401\",\"responseTime\":\"8.508ms\",\"userAgent\":\"PostmanRuntime/7.51.0\"}","timestamp":"2026-01-29 23:30:46"}
{"level":"info","message":"{\"method\":\"POST\",\"url\":\"/login\",\"status\":\"401\",\"responseTime\":\"155.713ms\",\"userAgent\":\"PostmanRuntime/7.51.0\"}","timestamp":"2026-01-29 23:31:12"}
{"level":"info","message":"{\"method\":\"POST\",\"url\":\"/register\",\"status\":\"400\",\"responseTime\":\"3.171ms\",\"userAgent\":\"PostmanRuntime/7.51.0\"}","timestamp":"2026-01-29 23:31:25"}
{"level":"info","message":"{\"method\":\"POST\",\"url\":\"/register\",\"status\":\"201\",\"responseTime\":\"904.315ms\",\"userAgent\":\"PostmanRuntime/7.51.0\"}","timestamp":"2026-01-29 23:31:44"}
{"level":"info","message":"{\"method\":\"GET\",\"url\":\"/kyc/me\",\"status\":\"200\",\"responseTime\":\"139.869ms\",\"userAgent\":\"PostmanRuntime/7.51.0\"}","timestamp":"2026-01-29 23:32:10"}
{"level":"info","message":"{\"method\":\"GET\",\"url\":\"/me\",\"status\":\"401\",\"responseTime\":\"0.731ms\",\"userAgent\":\"PostmanRuntime/7.51.0\"}","timestamp":"2026-01-29 23:32:18"}
{"level":"info","message":"{\"method\":\"GET\",\"url\":\"/me\",\"status\":\"200\",\"responseTime\":\"134.056ms\",\"userAgent\":\"PostmanRuntime/7.51.0\"}","timestamp":"2026-01-29 23:32:24"}
{"level":"info","message":"{\"method\":\"GET\",\"url\":\"/kyc/me\",\"status\":\"200\",\"responseTime\":\"109.561ms\",\"userAgent\":\"PostmanRuntime/7.51.0\"}","timestamp":"2026-01-29 23:32:38"}
{"level":"info","message":"{\"method\":\"POST\",\"url\":\"/kyc/me/submit\",\"status\":\"404\",\"responseTime\":\"250.491ms\",\"userAgent\":\"PostmanRuntime/7.51.0\"}","timestamp":"2026-01-29 23:33:04"}
{"level":"info","message":"{\"method\":\"PATCH\",\"url\":\"/kyc/me\",\"status\":\"200\",\"responseTime\":\"401.019ms\",\"userAgent\":\"PostmanRuntime/7.51.0\"}","timestamp":"2026-01-29 23:33:17"}
{"level":"info","message":"{\"method\":\"POST\",\"url\":\"/kyc/me/submit\",\"status\":\"400\",\"responseTime\":\"256.283ms\",\"userAgent\":\"PostmanRuntime/7.51.0\"}","timestamp":"2026-01-29 23:33:23"}
{"level":"info","message":"{\"method\":\"PATCH\",\"url\":\"/kyc/me\",\"status\":\"200\",\"responseTime\":\"317.776ms\",\"userAgent\":\"PostmanRuntime/7.51.0\"}","timestamp":"2026-01-29 23:34:29"}
{"level":"info","message":"{\"method\":\"GET\",\"url\":\"/kyc/me\",\"status\":\"200\",\"responseTime\":\"130.351ms\",\"userAgent\":\"PostmanRuntime/7.51.0\"}","timestamp":"2026-01-29 23:34:38"}
{"level":"info","message":"\nReceived SIGINT. Shutting down gracefully...","timestamp":"2026-01-29 23:38:42"}
{"level":"info","message":"MongoDB connected","timestamp":"2026-01-29 23:40:05"}
{"level":"info","message":"API listening on http://localhost:3000","timestamp":"2026-01-29 23:40:05"}
{"level":"info","message":"Health: http://localhost:3000/health","timestamp":"2026-01-29 23:40:05"}
{"level":"info","message":"{\"method\":\"PATCH\",\"url\":\"/kyc/me\",\"status\":\"400\",\"responseTime\":\"13.203ms\",\"userAgent\":\"PostmanRuntime/7.51.0\"}","timestamp":"2026-01-29 23:40:58"}
{"body":"{\r\n    \"fields\": {\r\n        \"fullName\": \"Imanche Sabastine   \",\r\n        \"dob\": \"1994-01-21\",\r\n        \"addressLine1\": \"Abuja, Nigeria\",\r\n        \r\n    },\r\n    \"documents\": []\r\n}","expose":true,"level":"error","message":"Unhandled error: Expected double-quoted property name in JSON at position 152 (line 7 column 5)","stack":"SyntaxError: Expected double-quoted property name in JSON at position 152 (line 7 column 5)\n    at JSON.parse (<anonymous>)\n    at parse (/mnt/c/Users/user/Documents/credpal-assessment/backend/node_modules/body-parser/lib/types/json.js:72:19)\n    at /mnt/c/Users/user/Documents/credpal-assessment/backend/node_modules/body-parser/lib/read.js:162:18\n    at AsyncResource.runInAsyncScope (node:async_hooks:214:14)\n    at invokeCallback (/mnt/c/Users/user/Documents/credpal-assessment/backend/node_modules/raw-body/index.js:238:16)\n    at done (/mnt/c/Users/user/Documents/credpal-assessment/backend/node_modules/raw-body/index.js:227:7)\n    at IncomingMessage.onEnd (/mnt/c/Users/user/Documents/credpal-assessment/backend/node_modules/raw-body/index.js:287:7)\n    at IncomingMessage.emit (node:events:508:28)\n    at endReadableNT (node:internal/streams/readable:1701:12)\n    at processTicksAndRejections (node:internal/process/task_queues:89:21)","status":400,"statusCode":400,"timestamp":"2026-01-29 23:59:02","type":"entity.parse.failed"}
{"level":"info","message":"{\"method\":\"PATCH\",\"url\":\"/kyc/me\",\"responseTime\":\"undefinedms\",\"userAgent\":\"PostmanRuntime/7.51.0\"}","timestamp":"2026-01-29 23:59:29"}
{"level":"info","message":"{\"method\":\"GET\",\"url\":\"/kyc/me\",\"responseTime\":\"undefinedms\",\"userAgent\":\"PostmanRuntime/7.51.0\"}","timestamp":"2026-01-30 00:00:20"}
{"level":"info","message":"\nReceived SIGINT. Shutting down gracefully...","timestamp":"2026-01-30 00:00:25"}
{"level":"info","message":"MongoDB connected","timestamp":"2026-01-30 00:03:46"}
{"level":"info","message":"API listening on http://localhost:3000","timestamp":"2026-01-30 00:03:46"}
{"level":"info","message":"Health: http://localhost:3000/health","timestamp":"2026-01-30 00:03:46"}
{"level":"info","message":"{\"method\":\"GET\",\"url\":\"/kyc/me\",\"status\":\"200\",\"responseTime\":\"950.989ms\",\"userAgent\":\"PostmanRuntime/7.51.0\"}","timestamp":"2026-01-30 00:05:12"}
{"level":"info","message":"{\"method\":\"PATCH\",\"url\":\"/kyc/me\",\"status\":\"200\",\"responseTime\":\"12481.435ms\",\"userAgent\":\"PostmanRuntime/7.51.0\"}","timestamp":"2026-01-30 00:05:36"}
{"level":"info","message":"{\"method\":\"GET\",\"url\":\"/kyc/me\",\"status\":\"200\",\"responseTime\":\"186.999ms\",\"userAgent\":\"PostmanRuntime/7.51.0\"}","timestamp":"2026-01-30 00:05:46"}
{"level":"info","message":"{\"method\":\"POST\",\"url\":\"/kyc/me/submit\",\"status\":\"400\",\"responseTime\":\"286.286ms\",\"userAgent\":\"PostmanRuntime/7.51.0\"}","timestamp":"2026-01-30 00:05:57"}
{"level":"info","message":"{\"method\":\"PATCH\",\"url\":\"/kyc/me\",\"status\":\"400\",\"responseTime\":\"8.051ms\",\"userAgent\":\"PostmanRuntime/7.51.0\"}","timestamp":"2026-01-30 00:07:49"}
{"level":"info","message":"{\"method\":\"PATCH\",\"url\":\"/kyc/me\",\"status\":\"200\",\"responseTime\":\"1016.609ms\",\"userAgent\":\"PostmanRuntime/7.51.0\"}","timestamp":"2026-01-30 00:08:07"}
{"level":"info","message":"{\"method\":\"GET\",\"url\":\"/kyc/me\",\"responseTime\":\"undefinedms\",\"userAgent\":\"PostmanRuntime/7.51.0\"}","timestamp":"2026-01-30 00:09:20"}
{"cause":{"beforeHandshake":false,"errorLabelSet":{}},"errorLabelSet":{},"level":"error","message":"Unhandled error: getaddrinfo EAI_AGAIN ac-r7onlgu-shard-00-00.xgh23ds.mongodb.net","reason":{"commonWireVersion":0,"compatible":true,"heartbeatFrequencyMS":10000,"localThresholdMS":15,"logicalSessionTimeoutMinutes":null,"maxElectionId":{"$oid":"7fffffff0000000000000051"},"maxSetVersion":10,"servers":{"ac-r7onlgu-shard-00-00.xgh23ds.mongodb.net:27017":{"$clusterTime":null,"address":"ac-r7onlgu-shard-00-00.xgh23ds.mongodb.net:27017","arbiters":[],"electionId":null,"error":{"beforeHandshake":false,"errorLabelSet":{}},"hosts":[],"iscryptd":false,"lastUpdateTime":42697496,"lastWriteDate":0,"logicalSessionTimeoutMinutes":null,"maxBsonObjectSize":null,"maxMessageSizeBytes":null,"maxWireVersion":0,"maxWriteBatchSize":null,"me":null,"minRoundTripTime":0,"minWireVersion":0,"passives":[],"primary":null,"roundTripTime":-1,"setName":null,"setVersion":null,"tags":{},"topologyVersion":null,"type":"Unknown"},"ac-r7onlgu-shard-00-01.xgh23ds.mongodb.net:27017":{"$clusterTime":null,"address":"ac-r7onlgu-shard-00-01.xgh23ds.mongodb.net:27017","arbiters":[],"electionId":null,"error":{"beforeHandshake":false,"errorLabelSet":{}},"hosts":[],"iscryptd":false,"lastUpdateTime":42687485,"lastWriteDate":0,"logicalSessionTimeoutMinutes":null,"maxBsonObjectSize":null,"maxMessageSizeBytes":null,"maxWireVersion":0,"maxWriteBatchSize":null,"me":null,"minRoundTripTime":0,"minWireVersion":0,"passives":[],"primary":null,"roundTripTime":-1,"setName":null,"setVersion":null,"tags":{},"topologyVersion":null,"type":"Unknown"},"ac-r7onlgu-shard-00-02.xgh23ds.mongodb.net:27017":{"$clusterTime":null,"address":"ac-r7onlgu-shard-00-02.xgh23ds.mongodb.net:27017","arbiters":[],"electionId":null,"error":{"beforeHandshake":false,"errorLabelSet":{}},"hosts":[],"iscryptd":false,"lastUpdateTime":42687898,"lastWriteDate":0,"logicalSessionTimeoutMinutes":null,"maxBsonObjectSize":null,"maxMessageSizeBytes":null,"maxWireVersion":0,"maxWriteBatchSize":null,"me":null,"minRoundTripTime":0,"minWireVersion":0,"passives":[],"primary":null,"roundTripTime":-1,"setName":null,"setVersion":null,"tags":{},"topologyVersion":null,"type":"Unknown"}},"setName":"atlas-ivszmn-shard-0","stale":false,"type":"ReplicaSetNoPrimary"},"stack":"MongoServerSelectionError: getaddrinfo EAI_AGAIN ac-r7onlgu-shard-00-00.xgh23ds.mongodb.net\n    at Topology.selectServer (/mnt/c/Users/user/Documents/credpal-assessment/backend/node_modules/mongodb/src/sdam/topology.ts:630:30)\n    at tryOperation (/mnt/c/Users/user/Documents/credpal-assessment/backend/node_modules/mongodb/src/operations/execute_operation.ts:270:16)\n    at executeOperation (/mnt/c/Users/user/Documents/credpal-assessment/backend/node_modules/mongodb/src/operations/execute_operation.ts:123:12)\n    at FindCursor._initialize (/mnt/c/Users/user/Documents/credpal-assessment/backend/node_modules/mongodb/src/cursor/find_cursor.ts:92:22)\n    at FindCursor.cursorInit (/mnt/c/Users/user/Documents/credpal-assessment/backend/node_modules/mongodb/src/cursor/abstract_cursor.ts:917:21)\n    at FindCursor.fetchBatch (/mnt/c/Users/user/Documents/credpal-assessment/backend/node_modules/mongodb/src/cursor/abstract_cursor.ts:955:7)\n    at FindCursor.next (/mnt/c/Users/user/Documents/credpal-assessment/backend/node_modules/mongodb/src/cursor/abstract_cursor.ts:573:9)\n    at Collection.findOne (/mnt/c/Users/user/Documents/credpal-assessment/backend/node_modules/mongodb/src/collection.ts:552:20)\n    at model.Query._findOne (/mnt/c/Users/user/Documents/credpal-assessment/backend/node_modules/mongoose/lib/query.js:2719:15)\n    at model.Query.exec (/mnt/c/Users/user/Documents/credpal-assessment/backend/node_modules/mongoose/lib/query.js:4652:63)","timestamp":"2026-01-30 00:09:24"}
{"level":"info","message":"{\"method\":\"GET\",\"url\":\"/kyc/me\",\"status\":\"200\",\"responseTime\":\"8448.449ms\",\"userAgent\":\"PostmanRuntime/7.51.0\"}","timestamp":"2026-01-30 00:10:22"}
{"level":"info","message":"{\"method\":\"POST\",\"url\":\"/kyc/me/submit\",\"status\":\"200\",\"responseTime\":\"750.527ms\",\"userAgent\":\"PostmanRuntime/7.51.0\"}","timestamp":"2026-01-30 00:10:45"}
{"level":"info","message":"{\"method\":\"GET\",\"url\":\"/admin/kyc\",\"status\":\"403\",\"responseTime\":\"2.474ms\",\"userAgent\":\"PostmanRuntime/7.51.0\"}","timestamp":"2026-01-30 00:11:55"}
{"level":"info","message":"{\"method\":\"POST\",\"url\":\"/register\",\"status\":\"201\",\"responseTime\":\"1141.991ms\",\"userAgent\":\"PostmanRuntime/7.51.0\"}","timestamp":"2026-01-30 00:13:17"}
{"level":"info","message":"{\"method\":\"GET\",\"url\":\"/admin/kyc\",\"status\":\"200\",\"responseTime\":\"19622.125ms\",\"userAgent\":\"PostmanRuntime/7.51.0\"}","timestamp":"2026-01-30 00:13:54"}
{"level":"info","message":"{\"method\":\"GET\",\"url\":\"/admin/kyc/697be02c03b0cdc3dcf039b1\",\"status\":\"200\",\"responseTime\":\"1116.537ms\",\"userAgent\":\"PostmanRuntime/7.51.0\"}","timestamp":"2026-01-30 00:16:38"}
{"level":"info","message":"{\"method\":\"PATCH\",\"url\":\"/admin/kyc/697be02c03b0cdc3dcf039b1/review\",\"status\":\"400\",\"responseTime\":\"477.009ms\",\"userAgent\":\"PostmanRuntime/7.51.0\"}","timestamp":"2026-01-30 00:20:08"}
{"level":"info","message":"{\"method\":\"PATCH\",\"url\":\"/admin/kyc/697be02c03b0cdc3dcf039b1/review\",\"status\":\"200\",\"responseTime\":\"1046.744ms\",\"userAgent\":\"PostmanRuntime/7.51.0\"}","timestamp":"2026-01-30 00:20:25"}
{"level":"info","message":"{\"method\":\"PATCH\",\"url\":\"/admin/kyc/697be02c03b0cdc3dcf039b1/review\",\"status\":\"400\",\"responseTime\":\"826.905ms\",\"userAgent\":\"PostmanRuntime/7.51.0\"}","timestamp":"2026-01-30 00:25:02"}
{"level":"info","message":"{\"method\":\"PATCH\",\"url\":\"/admin/kyc/697be02c03b0cdc3dcf039b1/review\",\"status\":\"400\",\"responseTime\":\"2.290ms\",\"userAgent\":\"PostmanRuntime/7.51.0\"}","timestamp":"2026-01-30 00:25:47"}
{"level":"info","message":"{\"method\":\"PATCH\",\"url\":\"/admin/kyc/697be02c03b0cdc3dcf039b1/review\",\"status\":\"400\",\"responseTime\":\"424.382ms\",\"userAgent\":\"PostmanRuntime/7.51.0\"}","timestamp":"2026-01-30 00:26:09"}
{"level":"info","message":"{\"method\":\"GET\",\"url\":\"/admin/kyc\",\"status\":\"200\",\"responseTime\":\"18534.053ms\",\"userAgent\":\"PostmanRuntime/7.51.0\"}","timestamp":"2026-01-30 00:27:10"}
{"level":"info","message":"{\"method\":\"PATCH\",\"url\":\"/kyc/me\",\"status\":\"401\",\"responseTime\":\"10.891ms\",\"userAgent\":\"PostmanRuntime/7.51.0\"}","timestamp":"2026-01-30 00:34:43"}
{"level":"info","message":"{\"method\":\"POST\",\"url\":\"/login\",\"status\":\"200\",\"responseTime\":\"634.027ms\",\"userAgent\":\"PostmanRuntime/7.51.0\"}","timestamp":"2026-01-30 00:34:57"}
{"level":"info","message":"{\"method\":\"PATCH\",\"url\":\"/kyc/me\",\"status\":\"400\",\"responseTime\":\"147.274ms\",\"userAgent\":\"PostmanRuntime/7.51.0\"}","timestamp":"2026-01-30 00:35:12"}
{"level":"info","message":"\nReceived SIGINT. Shutting down gracefully...","timestamp":"2026-01-30 00:36:33"}
{"level":"info","message":"MongoDB connected","timestamp":"2026-01-30 00:50:56"}
{"level":"info","message":"API listening on http://localhost:3000","timestamp":"2026-01-30 00:50:56"}
{"level":"info","message":"Health: http://localhost:3000/health","timestamp":"2026-01-30 00:50:56"}
{"level":"info","message":"{\"method\":\"GET\",\"url\":\"/health\",\"status\":\"200\",\"responseTime\":\"4.987ms\",\"userAgent\":\"Mozilla/5.0 (Windows NT 10.0; Win64; x64) AppleWebKit/537.36 (KHTML, like Gecko) Chrome/144.0.0.0 Safari/537.36\"}","timestamp":"2026-01-30 00:52:14"}
{"level":"info","message":"{\"method\":\"GET\",\"url\":\"/health\",\"status\":\"200\",\"responseTime\":\"0.486ms\",\"userAgent\":\"Mozilla/5.0 (Windows NT 10.0; Win64; x64) AppleWebKit/537.36 (KHTML, like Gecko) Chrome/144.0.0.0 Safari/537.36\"}","timestamp":"2026-01-30 00:52:17"}
{"level":"info","message":"\nReceived SIGINT. Shutting down gracefully...","timestamp":"2026-01-30 00:52:22"}
{"level":"info","message":"\nReceived SIGINT. Shutting down gracefully...","timestamp":"2026-01-30 00:52:22"}
{"level":"info","message":"\nReceived SIGINT. Shutting down gracefully...","timestamp":"2026-01-30 00:52:23"}
{"level":"info","message":"\nReceived SIGINT. Shutting down gracefully...","timestamp":"2026-01-30 00:52:23"}
{"level":"info","message":"\nReceived SIGINT. Shutting down gracefully...","timestamp":"2026-01-30 00:52:23"}
{"level":"info","message":"\nReceived SIGINT. Shutting down gracefully...","timestamp":"2026-01-30 00:52:23"}
{"level":"info","message":"\nReceived SIGINT. Shutting down gracefully...","timestamp":"2026-01-30 00:52:24"}
{"level":"info","message":"\nReceived SIGINT. Shutting down gracefully...","timestamp":"2026-01-30 00:52:24"}
{"level":"info","message":"\nReceived SIGINT. Shutting down gracefully...","timestamp":"2026-01-30 00:52:25"}
{"level":"info","message":"\nReceived SIGINT. Shutting down gracefully...","timestamp":"2026-01-30 00:52:25"}
{"level":"info","message":"\nReceived SIGINT. Shutting down gracefully...","timestamp":"2026-01-30 00:52:25"}
{"level":"error","message":"Forced shutdown after 10s.","timestamp":"2026-01-30 00:52:32"}
